0 0 0 128 10 0 
0 0 0 128 10 0 
0 0 0 3 9 0 Federation Name : Test, Handle : 1(Last modified Thu Jun 22 17:35:32 2017) created - OK
0 0 0 5 9 0 Federate "1" joins Federation "Test"(1)with handle 1. Socket 6 - OK
0 1 1 11 8 0 Label "Init" registered. Tag is "Waiting all players." - OK
0 1 1 36 7 0 Subscribe Object Class = 3, # of att. = 2 - OK
0 1 1 32 7 0 Publish Object Class = 4, # of att. = 3 - OK
0 1 1 38 7 0 Subscribe Interaction Class = 3 - OK
0 1 1 34 7 0 Publish Interaction Class = 3 - OK
0 1 1 8 8 0 ON at time 0 - OK
0 1 1 7 8 0 ON at time 1 - OK
0 1 1 14 8 0 Label "Init" ended - OK
0 1 1 42 6 0 Register Object Class = 4 - OK
0 1 1 48 6 0 Delete ObjID = 1 - OK
0 1 1 8 8 0 OFF - OK
0 1 1 7 8 0 OFF - OK
0 1 1 6 9 0 Federate 1 resign federation(1) - OK
0 0 0 4 9 0 Federation Name "Test"(1) destroyed - OK
0 0 0 1 9 0 Socket 6 - OK
0 0 0 3 9 0 Federation Name : Test, Handle : 2(Last modified Thu Jun 22 17:35:32 2017) created - OK
0 0 0 5 9 0 Federate "1" joins Federation "Test"(2)with handle 1. Socket 6 - OK
0 2 1 11 8 0 Label "Init" registered. Tag is "Waiting all players." - OK
0 2 1 36 7 0 Subscribe Object Class = 3, # of att. = 2 - OK
0 2 1 32 7 0 Publish Object Class = 4, # of att. = 3 - OK
0 2 1 38 7 0 Subscribe Interaction Class = 3 - OK
0 2 1 34 7 0 Publish Interaction Class = 3 - OK
0 2 1 8 8 0 ON at time 0 - OK
0 2 1 7 8 0 ON at time 1 - OK
0 2 1 14 8 0 Label "Init" ended - OK
0 2 1 42 6 0 Register Object Class = 4 - OK
0 0 0 128 10 0 
0 0 0 3 9 0 Federation Name : Test, Handle : 1(Last modified Thu Jun 22 17:35:32 2017) created - OK
0 0 0 5 9 0 Federate "1" joins Federation "Test"(1)with handle 1. Socket 6 - OK
0 1 1 11 8 0 Label "Init" registered. Tag is "Waiting all players." - OK
0 1 1 36 7 0 Subscribe Object Class = 3, # of att. = 2 - OK
0 1 1 32 7 0 Publish Object Class = 4, # of att. = 3 - OK
0 1 1 38 7 0 Subscribe Interaction Class = 3 - OK
0 1 1 34 7 0 Publish Interaction Class = 3 - OK
0 1 1 8 8 0 ON at time 0 - OK
0 1 1 7 8 0 ON at time 1 - OK
0 1 1 14 8 0 Label "Init" ended - OK
0 1 1 42 6 0 Register Object Class = 4 - OK
0 1 1 48 6 0 Delete ObjID = 1 - OK
0 1 1 8 8 0 OFF - OK
0 1 1 7 8 0 OFF - OK
0 1 1 6 9 0 Federate 1 resign federation(1) - OK
0 0 0 4 9 0 Federation Name "Test"(1) destroyed - OK
0 0 0 1 9 0 Socket 6 - OK
